<?xml version="1.0" encoding="UTF-8"?>
<!-- Generated by org.testng.reporters.JUnitReportReporter -->
<testsuite hostname="Chandri" failures="0" tests="1" name="testcases.AccountRegistration" time="26.321" errors="0" timestamp="2022-06-30T22:13:15 IST" skipped="0">
  <testcase classname="testcases.AccountRegistration" name="test_registor" time="26.321"/>
  <system-out/>
</testsuite> <!-- testcases.AccountRegistration -->
