<?xml version="1.0" encoding="UTF-8"?>
<!-- Generated by org.testng.reporters.JUnitReportReporter -->
<testsuite hostname="Chandri" failures="0" tests="1" name="testcases.TC_002_Login" time="10.939" errors="0" timestamp="2022-06-30T22:13:14 IST" skipped="0">
  <testcase classname="testcases.TC_002_Login" name="test_Login" time="10.939"/>
  <system-out/>
</testsuite> <!-- testcases.TC_002_Login -->
