<?xml version="1.0" encoding="UTF-8"?>
<!-- Generated by org.testng.reporters.JUnitReportReporter -->
<testsuite hostname="Chandri" failures="0" tests="1" name="testcases.TC_003_MyAccountDDt" time="0.000" errors="0" timestamp="2022-06-30T18:19:57 IST" skipped="1">
  <testcase classname="testcases.TC_003_MyAccountDDt" name="test_MyAccountDDt" time="0.000">
    <skipped/>
  </testcase> <!-- test_MyAccountDDt -->
  <system-out/>
</testsuite> <!-- testcases.TC_003_MyAccountDDt -->
