<?xml version="1.0" encoding="UTF-8"?>
<!-- Generated by org.testng.reporters.JUnitReportReporter -->
<testsuite skipped="0" hostname="Chandri" name="testcases.AccountRegistration" tests="1" failures="0" timestamp="2022-06-30T22:20:48 IST" time="10.006" errors="0">
  <testcase name="test_registor" time="10.006" classname="testcases.AccountRegistration"/>
  <system-out/>
</testsuite> <!-- testcases.AccountRegistration -->
